<?xml version="1.0" encoding="UTF-8"?>
<testsuite xmlns:xsi="http://www.w3.org/2001/XMLSchema-instance" xsi:noNamespaceSchemaLocation="https://maven.apache.org/surefire/maven-surefire-plugin/xsd/surefire-test-report.xsd" name="edu.ucsb.cs56.ratcalc.model.RationalTest" time="0.058" tests="45" errors="0" skipped="0" failures="0">
  <properties>
[...]
</properties>
  <testcase name="test_sum_m20_25_and_25_20" classname="edu.ucsb.cs56.ratcalc.model.RationalTest" time="0.008"/>
  <testcase name="test_getDenominator_13_4" classname="edu.ucsb.cs56.ratcalc.model.RationalTest" time="0"/>
  <testcase name="test_r_3_7_times_r_13_4" classname="edu.ucsb.cs56.ratcalc.model.RationalTest" time="0"/>
  <testcase name="test_sum_5_15_and_5_15" classname="edu.ucsb.cs56.ratcalc.model.RationalTest" time="0"/>
  <testcase name="test_r_m3_1_times_1_m3" classname="edu.ucsb.cs56.ratcalc.model.RationalTest" time="0.007"/>
  <testcase name="test_gcd_15_5" classname="edu.ucsb.cs56.ratcalc.model.RationalTest" time="0"/>
  <testcase name="test_gcd_17_5" classname="edu.ucsb.cs56.ratcalc.model.RationalTest" time="0"/>
  <testcase name="test_gcd_24_6" classname="edu.ucsb.cs56.ratcalc.model.RationalTest" time="0"/>
  <testcase name="test_gcd_5_15" classname="edu.ucsb.cs56.ratcalc.model.RationalTest" time="0.001"/>
  <testcase name="test_gcd_1_1" classname="edu.ucsb.cs56.ratcalc.model.RationalTest" time="0"/>
  <testcase name="test_plus_20_25_and_25_20" classname="edu.ucsb.cs56.ratcalc.model.RationalTest" time="0"/>
  <testcase name="test_plus_10_15_and_5_15" classname="edu.ucsb.cs56.ratcalc.model.RationalTest" time="0.002"/>
  <testcase name="test_lcm_1_1" classname="edu.ucsb.cs56.ratcalc.model.RationalTest" time="0"/>
  <testcase name="test_lcm_15_5" classname="edu.ucsb.cs56.ratcalc.model.RationalTest" time="0"/>
  <testcase name="test_lcm_17_5" classname="edu.ucsb.cs56.ratcalc.model.RationalTest" time="0"/>
  <testcase name="test_lcm_24_6" classname="edu.ucsb.cs56.ratcalc.model.RationalTest" time="0"/>
  <testcase name="test_lcm_5_15" classname="edu.ucsb.cs56.ratcalc.model.RationalTest" time="0"/>
  <testcase name="test_plus_m20_25_and_25_20" classname="edu.ucsb.cs56.ratcalc.model.RationalTest" time="0"/>
  <testcase name="test_r_5_15_times_r_3_7" classname="edu.ucsb.cs56.ratcalc.model.RationalTest" time="0.002"/>
  <testcase name="test_sum_10_15_and_5_15" classname="edu.ucsb.cs56.ratcalc.model.RationalTest" time="0"/>
  <testcase name="test_getNumerator_13_4" classname="edu.ucsb.cs56.ratcalc.model.RationalTest" time="0"/>
  <testcase name="test_toString_0_1" classname="edu.ucsb.cs56.ratcalc.model.RationalTest" time="0"/>
  <testcase name="test_toString_3_7" classname="edu.ucsb.cs56.ratcalc.model.RationalTest" time="0"/>
  <testcase name="test_diff_25_20_and_9_10" classname="edu.ucsb.cs56.ratcalc.model.RationalTest" time="0"/>
  <testcase name="test_lcm_20_25" classname="edu.ucsb.cs56.ratcalc.model.RationalTest" time="0"/>
  <testcase name="test_denom_zero" classname="edu.ucsb.cs56.ratcalc.model.RationalTest" time="0"/>
  <testcase name="test_diff_4_1_and_3_2" classname="edu.ucsb.cs56.ratcalc.model.RationalTest" time="0"/>
  <testcase name="test_plus_5_15_and_5_15" classname="edu.ucsb.cs56.ratcalc.model.RationalTest" time="0.002"/>
  <testcase name="test_product_of_r_m3_1_and_1_m3" classname="edu.ucsb.cs56.ratcalc.model.RationalTest" time="0"/>
  <testcase name="test_gcd_20_25" classname="edu.ucsb.cs56.ratcalc.model.RationalTest" time="0"/>
  <testcase name="test_product_of_r_5_15_and_r_3_7" classname="edu.ucsb.cs56.ratcalc.model.RationalTest" time="0"/>
  <testcase name="test_toString_24_6" classname="edu.ucsb.cs56.ratcalc.model.RationalTest" time="0"/>
  <testcase name="test_toString_5_15" classname="edu.ucsb.cs56.ratcalc.model.RationalTest" time="0"/>
  <testcase name="test_getNumerator_20_25" classname="edu.ucsb.cs56.ratcalc.model.RationalTest" time="0"/>
  <testcase name="test_rational_7_m8" classname="edu.ucsb.cs56.ratcalc.model.RationalTest" time="0"/>
  <testcase name="test_rational_m5_6" classname="edu.ucsb.cs56.ratcalc.model.RationalTest" time="0"/>
  <testcase name="test_minus_25_20_and_m9_10" classname="edu.ucsb.cs56.ratcalc.model.RationalTest" time="0"/>
  <testcase name="test_minus_25_20_and_9_10" classname="edu.ucsb.cs56.ratcalc.model.RationalTest" time="0"/>
  <testcase name="test_diff_25_20_and_m9_10" classname="edu.ucsb.cs56.ratcalc.model.RationalTest" time="0"/>
  <testcase name="test_getDenominator_20_25" classname="edu.ucsb.cs56.ratcalc.model.RationalTest" time="0"/>
  <testcase name="test_sum_20_25_and_25_20" classname="edu.ucsb.cs56.ratcalc.model.RationalTest" time="0"/>
  <testcase name="test_rational_m10_m5" classname="edu.ucsb.cs56.ratcalc.model.RationalTest" time="0"/>
  <testcase name="test_toString_20_25" classname="edu.ucsb.cs56.ratcalc.model.RationalTest" time="0"/>
  <testcase name="test_minus_4_1_and_3_2" classname="edu.ucsb.cs56.ratcalc.model.RationalTest" time="0"/>
  <testcase name="test_product_of_r_3_7_and_r_13_4" classname="edu.ucsb.cs56.ratcalc.model.RationalTest" time="0"/>
</testsuite>